This file contains any messages produced by compilers while
running configure, to aid debugging if configure makes a mistake.

It was created by FULL-PACKAGE-NAME configure VERSION, which was
generated by GNU Autoconf 2.69.  Invocation command line was

  $ ./configure 

## --------- ##
## Platform. ##
## --------- ##

hostname = user-PC
uname -m = x86_64
uname -r = 2.8.2(0.313/5/3)
uname -s = CYGWIN_NT-6.1
uname -v = 2017-07-12 10:58

/usr/bin/uname -p = unknown
/bin/uname -X     = unknown

/bin/arch              = x86_64
/usr/bin/arch -k       = unknown
/usr/convex/getsysinfo = unknown
/usr/bin/hostinfo      = unknown
/bin/machine           = unknown
/usr/bin/oslevel       = unknown
/bin/universe          = unknown

PATH: /usr/local/bin
PATH: /usr/bin
PATH: /cygdrive/d/Program Files/Java/jdk1.6.0_35/jre/bin
PATH: /cygdrive/d/Program Files (x86)/Python27
PATH: /cygdrive/d/Program Files (x86)/Python27/Scripts
PATH: /cygdrive/d/Program Files (x86)/Python36-32/Scripts
PATH: /cygdrive/d/Program Files (x86)/Python36-32
PATH: /cygdrive/c/ProgramData/Oracle/Java/javapath
PATH: /cygdrive/c/Program Files (x86)/Intel/iCLS Client
PATH: /cygdrive/c/Program Files/Intel/iCLS Client
PATH: /cygdrive/c/windows/system32
PATH: /cygdrive/c/windows
PATH: /cygdrive/c/windows/System32/Wbem
PATH: /cygdrive/c/windows/System32/WindowsPowerShell/v1.0
PATH: /cygdrive/c/Program Files/Intel/Intel(R) Management Engine Components/DAL
PATH: /cygdrive/c/Program Files (x86)/Intel/Intel(R) Management Engine Components/DAL
PATH: /cygdrive/c/Program Files/Intel/Intel(R) Management Engine Components/IPT
PATH: /cygdrive/c/Program Files (x86)/Intel/Intel(R) Management Engine Components/IPT
PATH: /cygdrive/c/Program Files/Intel/WiFi/bin
PATH: /cygdrive/c/Program Files/Common Files/Intel/WirelessCommon
PATH: /cygdrive/d/Program Files (x86)/swigwin-3.0.12
PATH: /cygdrive/d/freeglut/bin
PATH: /cygdrive/d/Program Files/Java/jdk1.6.0_35/bin
PATH: /cygdrive/d/Program Files/Java/jdk1.6.0_35/jre/bin
PATH: /cygdrive/d/Program Files/apache-ant-1.9.9/bin
PATH: /cygdrive/d/Program Files/TortoiseSvn/bin
PATH: /cygdrive/d/Program Files (x86)/GnuWin32/bin
PATH: /usr/bin


## ----------- ##
## Core tests. ##
## ----------- ##

configure:2174: checking for a BSD-compatible install
configure:2242: result: /usr/bin/install -c
configure:2253: checking whether build environment is sane
configure:2308: result: yes
configure:2459: checking for a thread-safe mkdir -p
configure:2498: result: /usr/bin/mkdir -p
configure:2505: checking for gawk
configure:2521: found /usr/bin/gawk
configure:2532: result: gawk
configure:2543: checking whether make sets $(MAKE)
configure:2565: result: yes
configure:2594: checking whether make supports nested variables
configure:2611: result: yes
configure:2797: checking for g++
configure:2813: found /usr/bin/g++
configure:2824: result: g++
configure:2851: checking for C++ compiler version
configure:2860: g++ --version >&5
g++ (GCC) 5.4.0
Copyright (C) 2015 Free Software Foundation, Inc.
This is free software; see the source for copying conditions.  There is NO
warranty; not even for MERCHANTABILITY or FITNESS FOR A PARTICULAR PURPOSE.

configure:2871: $? = 0
configure:2860: g++ -v >&5
Using built-in specs.
COLLECT_GCC=g++
COLLECT_LTO_WRAPPER=/usr/lib/gcc/x86_64-pc-cygwin/5.4.0/lto-wrapper.exe
Target: x86_64-pc-cygwin
Configured with: /cygdrive/i/szsz/tmpp/gcc/gcc-5.4.0-1.x86_64/src/gcc-5.4.0/configure --srcdir=/cygdrive/i/szsz/tmpp/gcc/gcc-5.4.0-1.x86_64/src/gcc-5.4.0 --prefix=/usr --exec-prefix=/usr --localstatedir=/var --sysconfdir=/etc --docdir=/usr/share/doc/gcc --htmldir=/usr/share/doc/gcc/html -C --build=x86_64-pc-cygwin --host=x86_64-pc-cygwin --target=x86_64-pc-cygwin --without-libiconv-prefix --without-libintl-prefix --libexecdir=/usr/lib --enable-shared --enable-shared-libgcc --enable-static --enable-version-specific-runtime-libs --enable-bootstrap --enable-__cxa_atexit --with-dwarf2 --with-tune=generic --enable-languages=ada,c,c++,fortran,lto,objc,obj-c++ --enable-graphite --enable-threads=posix --enable-libatomic --enable-libcilkrts --enable-libgomp --enable-libitm --enable-libquadmath --enable-libquadmath-support --enable-libssp --enable-libada --enable-libgcj-sublibs --disable-java-awt --disable-symvers --with-ecj-jar=/usr/share/java/ecj.jar --with-gnu-ld --with-gnu-as --with-cloog-include=/usr/include/cloog-isl --without-libiconv-prefix --without-libintl-prefix --with-system-zlib --enable-linker-build-id --with-default-libstdcxx-abi=gcc4-compatible
Thread model: posix
gcc version 5.4.0 (GCC) 
configure:2871: $? = 0
configure:2860: g++ -V >&5
g++: error: unrecognized command line option '-V'
g++: fatal error: no input files
compilation terminated.
configure:2871: $? = 1
configure:2860: g++ -qversion >&5
g++: error: unrecognized command line option '-qversion'
g++: fatal error: no input files
compilation terminated.
configure:2871: $? = 1
configure:2891: checking whether the C++ compiler works
configure:2913: g++    conftest.cpp  >&5
configure:2917: $? = 0
configure:2965: result: yes
configure:2968: checking for C++ compiler default output file name
configure:2970: result: a.exe
configure:2976: checking for suffix of executables
configure:2983: g++ -o conftest.exe    conftest.cpp  >&5
configure:2987: $? = 0
configure:3009: result: .exe
configure:3031: checking whether we are cross compiling
configure:3039: g++ -o conftest.exe    conftest.cpp  >&5
configure:3043: $? = 0
configure:3050: ./conftest.exe
configure:3054: $? = 0
configure:3069: result: no
configure:3074: checking for suffix of object files
configure:3096: g++ -c   conftest.cpp >&5
configure:3100: $? = 0
configure:3121: result: o
configure:3125: checking whether we are using the GNU C++ compiler
configure:3144: g++ -c   conftest.cpp >&5
configure:3144: $? = 0
configure:3153: result: yes
configure:3162: checking whether g++ accepts -g
configure:3182: g++ -c -g  conftest.cpp >&5
configure:3182: $? = 0
configure:3223: result: yes
configure:3257: checking for style of include used by make
configure:3285: result: GNU
configure:3311: checking dependency style of g++
configure:3422: result: gcc3
configure:3485: checking for gcc
configure:3501: found /usr/bin/gcc
configure:3512: result: gcc
configure:3741: checking for C compiler version
configure:3750: gcc --version >&5
gcc (GCC) 5.4.0
Copyright (C) 2015 Free Software Foundation, Inc.
This is free software; see the source for copying conditions.  There is NO
warranty; not even for MERCHANTABILITY or FITNESS FOR A PARTICULAR PURPOSE.

configure:3761: $? = 0
configure:3750: gcc -v >&5
Using built-in specs.
COLLECT_GCC=gcc
COLLECT_LTO_WRAPPER=/usr/lib/gcc/x86_64-pc-cygwin/5.4.0/lto-wrapper.exe
Target: x86_64-pc-cygwin
Configured with: /cygdrive/i/szsz/tmpp/gcc/gcc-5.4.0-1.x86_64/src/gcc-5.4.0/configure --srcdir=/cygdrive/i/szsz/tmpp/gcc/gcc-5.4.0-1.x86_64/src/gcc-5.4.0 --prefix=/usr --exec-prefix=/usr --localstatedir=/var --sysconfdir=/etc --docdir=/usr/share/doc/gcc --htmldir=/usr/share/doc/gcc/html -C --build=x86_64-pc-cygwin --host=x86_64-pc-cygwin --target=x86_64-pc-cygwin --without-libiconv-prefix --without-libintl-prefix --libexecdir=/usr/lib --enable-shared --enable-shared-libgcc --enable-static --enable-version-specific-runtime-libs --enable-bootstrap --enable-__cxa_atexit --with-dwarf2 --with-tune=generic --enable-languages=ada,c,c++,fortran,lto,objc,obj-c++ --enable-graphite --enable-threads=posix --enable-libatomic --enable-libcilkrts --enable-libgomp --enable-libitm --enable-libquadmath --enable-libquadmath-support --enable-libssp --enable-libada --enable-libgcj-sublibs --disable-java-awt --disable-symvers --with-ecj-jar=/usr/share/java/ecj.jar --with-gnu-ld --with-gnu-as --with-cloog-include=/usr/include/cloog-isl --without-libiconv-prefix --without-libintl-prefix --with-system-zlib --enable-linker-build-id --with-default-libstdcxx-abi=gcc4-compatible
Thread model: posix
gcc version 5.4.0 (GCC) 
configure:3761: $? = 0
configure:3750: gcc -V >&5
gcc: error: unrecognized command line option '-V'
gcc: fatal error: no input files
compilation terminated.
configure:3761: $? = 1
configure:3750: gcc -qversion >&5
gcc: error: unrecognized command line option '-qversion'
gcc: fatal error: no input files
compilation terminated.
configure:3761: $? = 1
configure:3765: checking whether we are using the GNU C compiler
configure:3784: gcc -c   conftest.c >&5
configure:3784: $? = 0
configure:3793: result: yes
configure:3802: checking whether gcc accepts -g
configure:3822: gcc -c -g  conftest.c >&5
configure:3822: $? = 0
configure:3863: result: yes
configure:3880: checking for gcc option to accept ISO C89
configure:3943: gcc  -c -g -O2  conftest.c >&5
configure:3943: $? = 0
configure:3956: result: none needed
configure:3981: checking whether gcc understands -c and -o together
configure:4003: gcc -c conftest.c -o conftest2.o
configure:4006: $? = 0
configure:4003: gcc -c conftest.c -o conftest2.o
configure:4006: $? = 0
configure:4018: result: yes
configure:4037: checking dependency style of gcc
configure:4148: result: gcc3
configure:4166: checking for SDL_Init in -lSDL2
configure:4191: gcc -o conftest.exe -g -O2   conftest.c -lSDL2   >&5
configure:4191: $? = 0
configure:4200: result: yes
configure:4217: checking for IMG_Load in -lSDL2_image
configure:4242: gcc -o conftest.exe -g -O2   conftest.c -lSDL2_image  -lSDL2  >&5
configure:4242: $? = 0
configure:4251: result: yes
configure:4274: checking how to run the C preprocessor
configure:4305: gcc -E  conftest.c
configure:4305: $? = 0
configure:4319: gcc -E  conftest.c
conftest.c:13:28: fatal error: ac_nonexistent.h: No such file or directory
compilation terminated.
configure:4319: $? = 1
configure: failed program was:
| /* confdefs.h */
| #define PACKAGE_NAME "FULL-PACKAGE-NAME"
| #define PACKAGE_TARNAME "full-package-name"
| #define PACKAGE_VERSION "VERSION"
| #define PACKAGE_STRING "FULL-PACKAGE-NAME VERSION"
| #define PACKAGE_BUGREPORT "BUG-REPORT-ADDRESS"
| #define PACKAGE_URL ""
| #define PACKAGE "Gameee"
| #define VERSION "1.0"
| #define HAVE_LIBSDL2 1
| #define HAVE_LIBSDL2_IMAGE 1
| /* end confdefs.h.  */
| #include <ac_nonexistent.h>
configure:4344: result: gcc -E
configure:4364: gcc -E  conftest.c
configure:4364: $? = 0
configure:4378: gcc -E  conftest.c
conftest.c:13:28: fatal error: ac_nonexistent.h: No such file or directory
compilation terminated.
configure:4378: $? = 1
configure: failed program was:
| /* confdefs.h */
| #define PACKAGE_NAME "FULL-PACKAGE-NAME"
| #define PACKAGE_TARNAME "full-package-name"
| #define PACKAGE_VERSION "VERSION"
| #define PACKAGE_STRING "FULL-PACKAGE-NAME VERSION"
| #define PACKAGE_BUGREPORT "BUG-REPORT-ADDRESS"
| #define PACKAGE_URL ""
| #define PACKAGE "Gameee"
| #define VERSION "1.0"
| #define HAVE_LIBSDL2 1
| #define HAVE_LIBSDL2_IMAGE 1
| /* end confdefs.h.  */
| #include <ac_nonexistent.h>
configure:4407: checking for grep that handles long lines and -e
configure:4465: result: /usr/bin/grep
configure:4470: checking for egrep
configure:4532: result: /usr/bin/grep -E
configure:4537: checking for ANSI C header files
configure:4557: gcc -c -g -O2  conftest.c >&5
configure:4557: $? = 0
configure:4630: gcc -o conftest.exe -g -O2   conftest.c -lSDL2_image -lSDL2  >&5
configure:4630: $? = 0
configure:4630: ./conftest.exe
configure:4630: $? = 0
configure:4641: result: yes
configure:4654: checking for sys/types.h
configure:4654: gcc -c -g -O2  conftest.c >&5
configure:4654: $? = 0
configure:4654: result: yes
configure:4654: checking for sys/stat.h
configure:4654: gcc -c -g -O2  conftest.c >&5
configure:4654: $? = 0
configure:4654: result: yes
configure:4654: checking for stdlib.h
configure:4654: gcc -c -g -O2  conftest.c >&5
configure:4654: $? = 0
configure:4654: result: yes
configure:4654: checking for string.h
configure:4654: gcc -c -g -O2  conftest.c >&5
configure:4654: $? = 0
configure:4654: result: yes
configure:4654: checking for memory.h
configure:4654: gcc -c -g -O2  conftest.c >&5
configure:4654: $? = 0
configure:4654: result: yes
configure:4654: checking for strings.h
configure:4654: gcc -c -g -O2  conftest.c >&5
configure:4654: $? = 0
configure:4654: result: yes
configure:4654: checking for inttypes.h
configure:4654: gcc -c -g -O2  conftest.c >&5
configure:4654: $? = 0
configure:4654: result: yes
configure:4654: checking for stdint.h
configure:4654: gcc -c -g -O2  conftest.c >&5
configure:4654: $? = 0
configure:4654: result: yes
configure:4654: checking for unistd.h
configure:4654: gcc -c -g -O2  conftest.c >&5
configure:4654: $? = 0
configure:4654: result: yes
configure:4666: checking SDL.h usability
configure:4666: gcc -c -g -O2  conftest.c >&5
conftest.c:56:17: fatal error: SDL.h: No such file or directory
compilation terminated.
configure:4666: $? = 1
configure: failed program was:
| /* confdefs.h */
| #define PACKAGE_NAME "FULL-PACKAGE-NAME"
| #define PACKAGE_TARNAME "full-package-name"
| #define PACKAGE_VERSION "VERSION"
| #define PACKAGE_STRING "FULL-PACKAGE-NAME VERSION"
| #define PACKAGE_BUGREPORT "BUG-REPORT-ADDRESS"
| #define PACKAGE_URL ""
| #define PACKAGE "Gameee"
| #define VERSION "1.0"
| #define HAVE_LIBSDL2 1
| #define HAVE_LIBSDL2_IMAGE 1
| #define STDC_HEADERS 1
| #define HAVE_SYS_TYPES_H 1
| #define HAVE_SYS_STAT_H 1
| #define HAVE_STDLIB_H 1
| #define HAVE_STRING_H 1
| #define HAVE_MEMORY_H 1
| #define HAVE_STRINGS_H 1
| #define HAVE_INTTYPES_H 1
| #define HAVE_STDINT_H 1
| #define HAVE_UNISTD_H 1
| /* end confdefs.h.  */
| #include <stdio.h>
| #ifdef HAVE_SYS_TYPES_H
| # include <sys/types.h>
| #endif
| #ifdef HAVE_SYS_STAT_H
| # include <sys/stat.h>
| #endif
| #ifdef STDC_HEADERS
| # include <stdlib.h>
| # include <stddef.h>
| #else
| # ifdef HAVE_STDLIB_H
| #  include <stdlib.h>
| # endif
| #endif
| #ifdef HAVE_STRING_H
| # if !defined STDC_HEADERS && defined HAVE_MEMORY_H
| #  include <memory.h>
| # endif
| # include <string.h>
| #endif
| #ifdef HAVE_STRINGS_H
| # include <strings.h>
| #endif
| #ifdef HAVE_INTTYPES_H
| # include <inttypes.h>
| #endif
| #ifdef HAVE_STDINT_H
| # include <stdint.h>
| #endif
| #ifdef HAVE_UNISTD_H
| # include <unistd.h>
| #endif
| #include <SDL.h>
configure:4666: result: no
configure:4666: checking SDL.h presence
configure:4666: gcc -E  conftest.c
conftest.c:23:17: fatal error: SDL.h: No such file or directory
compilation terminated.
configure:4666: $? = 1
configure: failed program was:
| /* confdefs.h */
| #define PACKAGE_NAME "FULL-PACKAGE-NAME"
| #define PACKAGE_TARNAME "full-package-name"
| #define PACKAGE_VERSION "VERSION"
| #define PACKAGE_STRING "FULL-PACKAGE-NAME VERSION"
| #define PACKAGE_BUGREPORT "BUG-REPORT-ADDRESS"
| #define PACKAGE_URL ""
| #define PACKAGE "Gameee"
| #define VERSION "1.0"
| #define HAVE_LIBSDL2 1
| #define HAVE_LIBSDL2_IMAGE 1
| #define STDC_HEADERS 1
| #define HAVE_SYS_TYPES_H 1
| #define HAVE_SYS_STAT_H 1
| #define HAVE_STDLIB_H 1
| #define HAVE_STRING_H 1
| #define HAVE_MEMORY_H 1
| #define HAVE_STRINGS_H 1
| #define HAVE_INTTYPES_H 1
| #define HAVE_STDINT_H 1
| #define HAVE_UNISTD_H 1
| /* end confdefs.h.  */
| #include <SDL.h>
configure:4666: result: no
configure:4666: checking for SDL.h
configure:4666: result: no
configure:4788: checking that generated files are newer than configure
configure:4794: result: done
configure:4821: creating ./config.status

## ---------------------- ##
## Running config.status. ##
## ---------------------- ##

This file was extended by FULL-PACKAGE-NAME config.status VERSION, which was
generated by GNU Autoconf 2.69.  Invocation command line was

  CONFIG_FILES    = 
  CONFIG_HEADERS  = 
  CONFIG_LINKS    = 
  CONFIG_COMMANDS = 
  $ ./config.status 

on user-PC

config.status:862: creating Makefile
config.status:862: creating src/Makefile
config.status:862: creating src/interface/Makefile
config.status:862: creating config.h
config.status:1043: config.h is unchanged
config.status:1091: executing depfiles commands

## ---------------- ##
## Cache variables. ##
## ---------------- ##

ac_cv_c_compiler_gnu=yes
ac_cv_cxx_compiler_gnu=yes
ac_cv_env_CCC_set=
ac_cv_env_CCC_value=
ac_cv_env_CC_set=
ac_cv_env_CC_value=
ac_cv_env_CFLAGS_set=
ac_cv_env_CFLAGS_value=
ac_cv_env_CPPFLAGS_set=
ac_cv_env_CPPFLAGS_value=
ac_cv_env_CPP_set=
ac_cv_env_CPP_value=
ac_cv_env_CXXFLAGS_set=
ac_cv_env_CXXFLAGS_value=
ac_cv_env_CXX_set=
ac_cv_env_CXX_value=
ac_cv_env_LDFLAGS_set=
ac_cv_env_LDFLAGS_value=
ac_cv_env_LIBS_set=
ac_cv_env_LIBS_value=
ac_cv_env_build_alias_set=
ac_cv_env_build_alias_value=
ac_cv_env_host_alias_set=
ac_cv_env_host_alias_value=
ac_cv_env_target_alias_set=
ac_cv_env_target_alias_value=
ac_cv_exeext=.exe
ac_cv_header_SDL_h=no
ac_cv_header_inttypes_h=yes
ac_cv_header_memory_h=yes
ac_cv_header_stdc=yes
ac_cv_header_stdint_h=yes
ac_cv_header_stdlib_h=yes
ac_cv_header_string_h=yes
ac_cv_header_strings_h=yes
ac_cv_header_sys_stat_h=yes
ac_cv_header_sys_types_h=yes
ac_cv_header_unistd_h=yes
ac_cv_lib_SDL2_SDL_Init=yes
ac_cv_lib_SDL2_image_IMG_Load=yes
ac_cv_objext=o
ac_cv_path_EGREP='/usr/bin/grep -E'
ac_cv_path_GREP=/usr/bin/grep
ac_cv_path_install='/usr/bin/install -c'
ac_cv_path_mkdir=/usr/bin/mkdir
ac_cv_prog_AWK=gawk
ac_cv_prog_CPP='gcc -E'
ac_cv_prog_ac_ct_CC=gcc
ac_cv_prog_ac_ct_CXX=g++
ac_cv_prog_cc_c89=
ac_cv_prog_cc_g=yes
ac_cv_prog_cxx_g=yes
ac_cv_prog_make_make_set=yes
am_cv_CC_dependencies_compiler_type=gcc3
am_cv_CXX_dependencies_compiler_type=gcc3
am_cv_make_support_nested_variables=yes
am_cv_prog_cc_c_o=yes

## ----------------- ##
## Output variables. ##
## ----------------- ##

ACLOCAL='${SHELL} /home/user/prac/Gameee/missing aclocal-1.14'
AMDEPBACKSLASH='\'
AMDEP_FALSE='#'
AMDEP_TRUE=''
AMTAR='$${TAR-tar}'
AM_BACKSLASH='\'
AM_DEFAULT_V='$(AM_DEFAULT_VERBOSITY)'
AM_DEFAULT_VERBOSITY='1'
AM_V='$(V)'
AUTOCONF='${SHELL} /home/user/prac/Gameee/missing autoconf'
AUTOHEADER='${SHELL} /home/user/prac/Gameee/missing autoheader'
AUTOMAKE='${SHELL} /home/user/prac/Gameee/missing automake-1.14'
AWK='gawk'
CC='gcc'
CCDEPMODE='depmode=gcc3'
CFLAGS='-g -O2'
CPP='gcc -E'
CPPFLAGS=''
CXX='g++'
CXXDEPMODE='depmode=gcc3'
CXXFLAGS='-g -O2'
CYGPATH_W='cygpath -w'
DEFS='-DHAVE_CONFIG_H'
DEPDIR='.deps'
ECHO_C=''
ECHO_N='-n'
ECHO_T=''
EGREP='/usr/bin/grep -E'
EXEEXT='.exe'
GREP='/usr/bin/grep'
INSTALL_DATA='${INSTALL} -m 644'
INSTALL_PROGRAM='${INSTALL}'
INSTALL_SCRIPT='${INSTALL}'
INSTALL_STRIP_PROGRAM='$(install_sh) -c -s'
LDFLAGS=''
LIBOBJS=''
LIBS='-lSDL2_image -lSDL2 '
LTLIBOBJS=''
MAKEINFO='${SHELL} /home/user/prac/Gameee/missing makeinfo'
MKDIR_P='/usr/bin/mkdir -p'
OBJEXT='o'
PACKAGE='Gameee'
PACKAGE_BUGREPORT='BUG-REPORT-ADDRESS'
PACKAGE_NAME='FULL-PACKAGE-NAME'
PACKAGE_STRING='FULL-PACKAGE-NAME VERSION'
PACKAGE_TARNAME='full-package-name'
PACKAGE_URL=''
PACKAGE_VERSION='VERSION'
PATH_SEPARATOR=':'
SET_MAKE=''
SHELL='/bin/sh'
STRIP=''
VERSION='1.0'
ac_ct_CC='gcc'
ac_ct_CXX='g++'
am__EXEEXT_FALSE='#'
am__EXEEXT_TRUE=''
am__fastdepCC_FALSE='#'
am__fastdepCC_TRUE=''
am__fastdepCXX_FALSE='#'
am__fastdepCXX_TRUE=''
am__include='include'
am__isrc=''
am__leading_dot='.'
am__nodep='_no'
am__quote=''
am__tar='$${TAR-tar} chof - "$$tardir"'
am__untar='$${TAR-tar} xf -'
bindir='${exec_prefix}/bin'
build_alias=''
datadir='${datarootdir}'
datarootdir='${prefix}/share'
docdir='${datarootdir}/doc/${PACKAGE_TARNAME}'
dvidir='${docdir}'
exec_prefix='${prefix}'
host_alias=''
htmldir='${docdir}'
includedir='${prefix}/include'
infodir='${datarootdir}/info'
install_sh='${SHELL} /home/user/prac/Gameee/install-sh'
libdir='${exec_prefix}/lib'
libexecdir='${exec_prefix}/libexec'
localedir='${datarootdir}/locale'
localstatedir='${prefix}/var'
mandir='${datarootdir}/man'
mkdir_p='$(MKDIR_P)'
oldincludedir='/usr/include'
pdfdir='${docdir}'
prefix='/usr/local'
program_transform_name='s,x,x,'
psdir='${docdir}'
sbindir='${exec_prefix}/sbin'
sharedstatedir='${prefix}/com'
sysconfdir='${prefix}/etc'
target_alias=''

## ----------- ##
## confdefs.h. ##
## ----------- ##

/* confdefs.h */
#define PACKAGE_NAME "FULL-PACKAGE-NAME"
#define PACKAGE_TARNAME "full-package-name"
#define PACKAGE_VERSION "VERSION"
#define PACKAGE_STRING "FULL-PACKAGE-NAME VERSION"
#define PACKAGE_BUGREPORT "BUG-REPORT-ADDRESS"
#define PACKAGE_URL ""
#define PACKAGE "Gameee"
#define VERSION "1.0"
#define HAVE_LIBSDL2 1
#define HAVE_LIBSDL2_IMAGE 1
#define STDC_HEADERS 1
#define HAVE_SYS_TYPES_H 1
#define HAVE_SYS_STAT_H 1
#define HAVE_STDLIB_H 1
#define HAVE_STRING_H 1
#define HAVE_MEMORY_H 1
#define HAVE_STRINGS_H 1
#define HAVE_INTTYPES_H 1
#define HAVE_STDINT_H 1
#define HAVE_UNISTD_H 1

configure: exit 0
